<?xml version="1.0" encoding="UTF-8"?>
<testsuite xmlns:xsi="http://www.w3.org/2001/XMLSchema-instance" xsi:noNamespaceSchemaLocation="https://maven.apache.org/surefire/maven-surefire-plugin/xsd/surefire-test-report-3.0.xsd" version="3.0" name="com.loganalyzer.MainIntegrationTest" time="0.009" tests="1" errors="0" skipped="0" failures="0">
  <properties>
[...]
</properties>
  <testcase name="testEndToEndFlow" classname="com.loganalyzer.MainIntegrationTest" time="0.008">
    <system-out><![CDATA[✅ Wrote to src/output/apm.json
✅ Wrote to src/output/application.json
✅ Wrote to src/output/request.json
✅ Done.
]]></system-out>
  </testcase>
</testsuite>